<?xml version="1.0" encoding="UTF-8"?>
<testng-results skipped="0" failed="0" ignored="0" total="0" passed="0">
  <reporter-output>
  </reporter-output>
  <suite name="Command line suite" duration-ms="11" started-at="2019-11-27T14:07:13 EET" finished-at="2019-11-27T14:07:13 EET">
    <groups>
    </groups>
    <test name="Command line test" duration-ms="11" started-at="2019-11-27T14:07:13 EET" finished-at="2019-11-27T14:07:13 EET">
    </test> <!-- Command line test -->
  </suite> <!-- Command line suite -->
</testng-results>
